<?xml version="1.0" encoding="UTF-8"?>
<testsuite name="OriginCheckerTest" tests="1" skipped="0" failures="0" errors="0" timestamp="2023-04-08T08:35:43" hostname="DESKTOP-ACI8IL8" time="0.041">
  <properties/>
  <testcase name="testCorrectness()" classname="OriginCheckerTest" time="0.041"/>
  <system-out><![CDATA[]]></system-out>
  <system-err><![CDATA[]]></system-err>
</testsuite>
