<?xml version="1.0" encoding="UTF-8"?>
<testsuite name="TerritoryTest" tests="5" skipped="0" failures="0" errors="0" timestamp="2023-04-08T09:32:37" hostname="DESKTOP-QG2IHPB" time="0.01">
  <properties/>
  <testcase name="test_constructor()" classname="TerritoryTest" time="0.001"/>
  <testcase name="test_updateNeighbor_initializing()" classname="TerritoryTest" time="0.002"/>
  <testcase name="test_set_id()" classname="TerritoryTest" time="0.002"/>
  <testcase name="test_updateNeighbor_changeID()" classname="TerritoryTest" time="0.001"/>
  <testcase name="test_set_units()" classname="TerritoryTest" time="0.001"/>
  <system-out><![CDATA[]]></system-out>
  <system-err><![CDATA[]]></system-err>
</testsuite>
