<?xml version="1.0" encoding="UTF-8"?>
<testsuite name="OriginCheckerTest" tests="1" skipped="0" failures="0" errors="0" timestamp="2023-04-15T09:59:12" hostname="DESKTOP-QG2IHPB" time="0.009">
  <properties/>
  <testcase name="testCorrectness()" classname="OriginCheckerTest" time="0.009"/>
  <system-out><![CDATA[]]></system-out>
  <system-err><![CDATA[]]></system-err>
</testsuite>
