<?xml version="1.0" encoding="UTF-8"?>
<testsuite name="TerritoryTest" tests="5" skipped="0" failures="0" errors="0" timestamp="2023-04-15T09:59:12" hostname="DESKTOP-QG2IHPB" time="0.005">
  <properties/>
  <testcase name="test_constructor()" classname="TerritoryTest" time="0.001"/>
  <testcase name="test_updateNeighbor_initializing()" classname="TerritoryTest" time="0.001"/>
  <testcase name="test_set_id()" classname="TerritoryTest" time="0.001"/>
  <testcase name="test_updateNeighbor_changeID()" classname="TerritoryTest" time="0.0"/>
  <testcase name="test_set_units()" classname="TerritoryTest" time="0.0"/>
  <system-out><![CDATA[]]></system-out>
  <system-err><![CDATA[]]></system-err>
</testsuite>
